#
# There is insufficient memory for the Java Runtime Environment to continue.
# Native memory allocation (malloc) failed to allocate 1341616 bytes. Error detail: Chunk::new
# Possible reasons:
#   The system is out of physical RAM or swap space
#   This process is running with CompressedOops enabled, and the Java Heap may be blocking the growth of the native heap
# Possible solutions:
#   Reduce memory load on the system
#   Increase physical memory or swap space
#   Check if swap backing store is full
#   Decrease Java heap size (-Xmx/-Xms)
#   Decrease number of Java threads
#   Decrease Java thread stack sizes (-Xss)
#   Set larger code cache with -XX:ReservedCodeCacheSize=
#   JVM is running with Unscaled Compressed Oops mode in which the Java heap is
#     placed in the first 4GB address space. The Java Heap base address is the
#     maximum limit for the native heap growth. Please use -XX:HeapBaseMinAddress
#     to set the Java Heap base and to place the Java Heap above 4GB virtual address.
# This output file may be truncated or incomplete.
#
#  Out of Memory Error (arena.cpp:168), pid=18896, tid=30340
#
# JRE version: OpenJDK Runtime Environment Temurin-21.0.7+6 (21.0.7+6) (build 21.0.7+6-LTS)
# Java VM: OpenJDK 64-Bit Server VM Temurin-21.0.7+6 (21.0.7+6-LTS, mixed mode, sharing, tiered, compressed oops, compressed class ptrs, parallel gc, windows-amd64)
# No core dump will be written. Minidumps are not enabled by default on client versions of Windows
#

---------------  S U M M A R Y ------------

Command Line: --add-modules=ALL-SYSTEM --add-opens=java.base/java.util=ALL-UNNAMED --add-opens=java.base/java.lang=ALL-UNNAMED --add-opens=java.base/sun.nio.fs=ALL-UNNAMED -Declipse.application=org.eclipse.jdt.ls.core.id1 -Dosgi.bundles.defaultStartLevel=4 -Declipse.product=org.eclipse.jdt.ls.core.product -Djava.import.generatesMetadataFilesAtProjectRoot=false -DDetectVMInstallationsJob.disabled=true -Dfile.encoding=utf8 -XX:+UseParallelGC -XX:GCTimeRatio=4 -XX:AdaptiveSizePolicyWeight=90 -Dsun.zip.disableMemoryMapping=true -Xmx1G -Xms100m -Xlog:disable -javaagent:c:\Users\ADIKTA\.vscode\extensions\redhat.java-1.42.0-win32-x64\lombok\lombok-1.18.36.jar -XX:+HeapDumpOnOutOfMemoryError -XX:HeapDumpPath=c:\Users\ADIKTA\AppData\Roaming\Code\User\workspaceStorage\7c74a9710f8a06d91ab7e61ae58fb88e\redhat.java -Daether.dependencyCollector.impl=bf c:\Users\ADIKTA\.vscode\extensions\redhat.java-1.42.0-win32-x64\server\plugins\org.eclipse.equinox.launcher_1.7.0.v20250424-1814.jar -configuration c:\Users\ADIKTA\AppData\Roaming\Code\User\globalStorage\redhat.java\1.42.0\config_win -data c:\Users\ADIKTA\AppData\Roaming\Code\User\workspaceStorage\7c74a9710f8a06d91ab7e61ae58fb88e\redhat.java\jdt_ws --pipe=\\.\pipe\lsp-d3a4f199ce9d75315156f264c171ae75-sock

Host: Intel(R) Core(TM) i5-10400 CPU @ 2.90GHz, 12 cores, 7G,  Windows 11 , 64 bit Build 26100 (10.0.26100.4202)
Time: Tue Jun 24 09:00:56 2025 SA Pacific Standard Time elapsed time: 26.303267 seconds (0d 0h 0m 26s)

---------------  T H R E A D  ---------------

Current thread (0x0000020824d663e0):  JavaThread "C2 CompilerThread0" daemon [_thread_in_native, id=30340, stack(0x0000005cbde00000,0x0000005cbdf00000) (1024K)]


Current CompileTask:
C2:26303 16861       4       org.apache.maven.model.inheritance.DefaultInheritanceAssembler$InheritanceModelMerger::mergePluginContainer_Plugins (433 bytes)

Stack: [0x0000005cbde00000,0x0000005cbdf00000]
Native frames: (J=compiled Java code, j=interpreted, Vv=VM code, C=native code)
V  [jvm.dll+0x6ce119]
V  [jvm.dll+0x8a84a1]
V  [jvm.dll+0x8aa9ce]
V  [jvm.dll+0x8ab0b3]
V  [jvm.dll+0x27f8a6]
V  [jvm.dll+0xc507d]
V  [jvm.dll+0xc55b3]
V  [jvm.dll+0x3b68f2]
V  [jvm.dll+0x1e0029]
V  [jvm.dll+0x247c42]
V  [jvm.dll+0x2470cf]
V  [jvm.dll+0x1c760e]
V  [jvm.dll+0x25695a]
V  [jvm.dll+0x254efa]
V  [jvm.dll+0x3f03f6]
V  [jvm.dll+0x851f6b]
V  [jvm.dll+0x6cc7dd]
C  [ucrtbase.dll+0x37b0]
C  [KERNEL32.DLL+0x2e8d7]
C  [ntdll.dll+0x3c34c]


---------------  P R O C E S S  ---------------

Threads class SMR info:
_java_thread_list=0x000002086ebabf10, length=77, elements={
0x0000020810993900, 0x0000020810a3e4e0, 0x0000020824d5c9d0, 0x0000020824d5dc70,
0x0000020824d63b00, 0x0000020824d64550, 0x0000020824d65200, 0x0000020824d663e0,
0x0000020867252730, 0x00000208109f8f40, 0x0000020867628160, 0x0000020868986ad0,
0x000002086893a3c0, 0x000002086d3b2ef0, 0x000002086d42c3d0, 0x000002086d241f40,
0x000002086d6eba80, 0x000002086d727dd0, 0x000002086d5049b0, 0x000002086d505d60,
0x000002086d5063f0, 0x000002086d503600, 0x000002086d505040, 0x000002086d504320,
0x000002086d503c90, 0x000002086e6f7940, 0x000002086e6f9380, 0x000002086e6f9a10,
0x000002086e6f7fd0, 0x000002086e6f6590, 0x000002086e6f8660, 0x000002086e6f8cf0,
0x000002086e6f72b0, 0x000002086e6fa0a0, 0x000002086e6f6c20, 0x000002086e6fd520,
0x000002086e6fa730, 0x000002086e6fdbb0, 0x000002086e6fadc0, 0x000002086e6fb450,
0x000002086e6fbae0, 0x000002086e6fc170, 0x000002086e6fc800, 0x000002086f8088a0,
0x000002086f8095c0, 0x000002086f808f30, 0x000002086f80a2e0, 0x000002086f809c50,
0x000002086f80a970, 0x000002086f807b80, 0x000002086f808210, 0x000002086f8074f0,
0x000002087153e6a0, 0x0000020871540770, 0x000002087153f3c0, 0x0000020871540e00,
0x00000208715400e0, 0x000002087153ed30, 0x000002087153fa50, 0x000002087153e010,
0x000002087153d980, 0x0000020871543bf0, 0x0000020871542ed0, 0x0000020871542840,
0x0000020871543560, 0x0000020871544fa0, 0x0000020871541b20, 0x00000208715421b0,
0x000002086d1fde70, 0x000002086d201980, 0x000002086d1fff40, 0x000002086d1fe500,
0x000002086d200c60, 0x000002086d2005d0, 0x000002086d202010, 0x000002086d1ff8b0,
0x00000208682c5fa0
}

Java Threads: ( => current thread )
  0x0000020810993900 JavaThread "main"                              [_thread_blocked, id=25080, stack(0x0000005cbd400000,0x0000005cbd500000) (1024K)]
  0x0000020810a3e4e0 JavaThread "Reference Handler"          daemon [_thread_blocked, id=37252, stack(0x0000005cbd800000,0x0000005cbd900000) (1024K)]
  0x0000020824d5c9d0 JavaThread "Finalizer"                  daemon [_thread_blocked, id=40860, stack(0x0000005cbd900000,0x0000005cbda00000) (1024K)]
  0x0000020824d5dc70 JavaThread "Signal Dispatcher"          daemon [_thread_blocked, id=19908, stack(0x0000005cbda00000,0x0000005cbdb00000) (1024K)]
  0x0000020824d63b00 JavaThread "Attach Listener"            daemon [_thread_blocked, id=37008, stack(0x0000005cbdb00000,0x0000005cbdc00000) (1024K)]
  0x0000020824d64550 JavaThread "Service Thread"             daemon [_thread_blocked, id=40064, stack(0x0000005cbdc00000,0x0000005cbdd00000) (1024K)]
  0x0000020824d65200 JavaThread "Monitor Deflation Thread"   daemon [_thread_blocked, id=41840, stack(0x0000005cbdd00000,0x0000005cbde00000) (1024K)]
=>0x0000020824d663e0 JavaThread "C2 CompilerThread0"         daemon [_thread_in_native, id=30340, stack(0x0000005cbde00000,0x0000005cbdf00000) (1024K)]
  0x0000020867252730 JavaThread "C1 CompilerThread0"         daemon [_thread_blocked, id=35788, stack(0x0000005cbdf00000,0x0000005cbe000000) (1024K)]
  0x00000208109f8f40 JavaThread "Common-Cleaner"             daemon [_thread_blocked, id=11004, stack(0x0000005cbe000000,0x0000005cbe100000) (1024K)]
  0x0000020867628160 JavaThread "Notification Thread"        daemon [_thread_blocked, id=42308, stack(0x0000005cbe200000,0x0000005cbe300000) (1024K)]
  0x0000020868986ad0 JavaThread "Active Thread: Equinox Container: a3c0d2de-e5b1-4baf-8917-3523b2673781"        [_thread_blocked, id=45036, stack(0x0000005cbea00000,0x0000005cbeb00000) (1024K)]
  0x000002086893a3c0 JavaThread "Refresh Thread: Equinox Container: a3c0d2de-e5b1-4baf-8917-3523b2673781" daemon [_thread_blocked, id=45120, stack(0x0000005cbeb00000,0x0000005cbec00000) (1024K)]
  0x000002086d3b2ef0 JavaThread "Framework Event Dispatcher: Equinox Container: a3c0d2de-e5b1-4baf-8917-3523b2673781" daemon [_thread_blocked, id=34372, stack(0x0000005cbed00000,0x0000005cbee00000) (1024K)]
  0x000002086d42c3d0 JavaThread "Start Level: Equinox Container: a3c0d2de-e5b1-4baf-8917-3523b2673781" daemon [_thread_blocked, id=48008, stack(0x0000005cbee00000,0x0000005cbef00000) (1024K)]
  0x000002086d241f40 JavaThread "Bundle File Closer"         daemon [_thread_blocked, id=36968, stack(0x0000005cbf100000,0x0000005cbf200000) (1024K)]
  0x000002086d6eba80 JavaThread "SCR Component Actor"        daemon [_thread_blocked, id=24532, stack(0x0000005cbe100000,0x0000005cbe200000) (1024K)]
  0x000002086d727dd0 JavaThread "C2 CompilerThread1"         daemon [_thread_blocked, id=21448, stack(0x0000005cbf200000,0x0000005cbf300000) (1024K)]
  0x000002086d5049b0 JavaThread "Worker-JM"                         [_thread_blocked, id=46236, stack(0x0000005cbf300000,0x0000005cbf400000) (1024K)]
  0x000002086d505d60 JavaThread "JNA Cleaner"                daemon [_thread_blocked, id=10248, stack(0x0000005cbf500000,0x0000005cbf600000) (1024K)]
  0x000002086d5063f0 JavaThread "Worker-0: Building"                [_thread_in_native, id=24424, stack(0x0000005cbf600000,0x0000005cbf700000) (1024K)]
  0x000002086d503600 JavaThread "Worker-1: Java indexing... "        [_thread_blocked, id=45064, stack(0x0000005cbf700000,0x0000005cbf800000) (1024K)]
  0x000002086d505040 JavaThread "Java indexing"              daemon [_thread_in_Java, id=46920, stack(0x0000005cbf800000,0x0000005cbf900000) (1024K)]
  0x000002086d504320 JavaThread "Worker-2"                          [_thread_blocked, id=28868, stack(0x0000005cbfc00000,0x0000005cbfd00000) (1024K)]
  0x000002086d503c90 JavaThread "Worker-3"                          [_thread_blocked, id=28708, stack(0x0000005cbfd00000,0x0000005cbfe00000) (1024K)]
  0x000002086e6f7940 JavaThread "Thread-2"                   daemon [_thread_in_native, id=2348, stack(0x0000005cbfe00000,0x0000005cbff00000) (1024K)]
  0x000002086e6f9380 JavaThread "Thread-3"                   daemon [_thread_in_native, id=38316, stack(0x0000005cbff00000,0x0000005cc0000000) (1024K)]
  0x000002086e6f9a10 JavaThread "Thread-4"                   daemon [_thread_in_native, id=32028, stack(0x0000005cc0000000,0x0000005cc0100000) (1024K)]
  0x000002086e6f7fd0 JavaThread "Thread-5"                   daemon [_thread_in_native, id=29592, stack(0x0000005cc0100000,0x0000005cc0200000) (1024K)]
  0x000002086e6f6590 JavaThread "Thread-6"                   daemon [_thread_in_native, id=35612, stack(0x0000005cc0200000,0x0000005cc0300000) (1024K)]
  0x000002086e6f8660 JavaThread "Thread-7"                   daemon [_thread_in_native, id=6948, stack(0x0000005cc0300000,0x0000005cc0400000) (1024K)]
  0x000002086e6f8cf0 JavaThread "Thread-8"                   daemon [_thread_in_native, id=5712, stack(0x0000005cc0400000,0x0000005cc0500000) (1024K)]
  0x000002086e6f72b0 JavaThread "Thread-9"                   daemon [_thread_in_native, id=42608, stack(0x0000005cc0500000,0x0000005cc0600000) (1024K)]
  0x000002086e6fa0a0 JavaThread "Thread-10"                  daemon [_thread_in_native, id=47912, stack(0x0000005cc0600000,0x0000005cc0700000) (1024K)]
  0x000002086e6f6c20 JavaThread "Thread-11"                  daemon [_thread_in_native, id=47840, stack(0x0000005cc0700000,0x0000005cc0800000) (1024K)]
  0x000002086e6fd520 JavaThread "Thread-12"                  daemon [_thread_in_native, id=4264, stack(0x0000005cc0800000,0x0000005cc0900000) (1024K)]
  0x000002086e6fa730 JavaThread "Thread-13"                  daemon [_thread_in_native, id=29624, stack(0x0000005cc0900000,0x0000005cc0a00000) (1024K)]
  0x000002086e6fdbb0 JavaThread "Thread-14"                  daemon [_thread_in_native, id=41288, stack(0x0000005cc0a00000,0x0000005cc0b00000) (1024K)]
  0x000002086e6fadc0 JavaThread "pool-2-thread-1"                   [_thread_blocked, id=4856, stack(0x0000005cc0b00000,0x0000005cc0c00000) (1024K)]
  0x000002086e6fb450 JavaThread "WorkspaceEventsHandler"            [_thread_blocked, id=36460, stack(0x0000005cc0c00000,0x0000005cc0d00000) (1024K)]
  0x000002086e6fbae0 JavaThread "pool-1-thread-1"                   [_thread_blocked, id=22028, stack(0x0000005cc0d00000,0x0000005cc0e00000) (1024K)]
  0x000002086e6fc170 JavaThread "Worker-4"                          [_thread_blocked, id=42092, stack(0x0000005cc0e00000,0x0000005cc0f00000) (1024K)]
  0x000002086e6fc800 JavaThread "Worker-5"                          [_thread_blocked, id=25628, stack(0x0000005cc0f00000,0x0000005cc1000000) (1024K)]
  0x000002086f8088a0 JavaThread "LocalFile Deleter"          daemon [_thread_blocked, id=45888, stack(0x0000005cc1000000,0x0000005cc1100000) (1024K)]
  0x000002086f8095c0 JavaThread "LocalFile Deleter"          daemon [_thread_blocked, id=28228, stack(0x0000005cc1100000,0x0000005cc1200000) (1024K)]
  0x000002086f808f30 JavaThread "LocalFile Deleter"          daemon [_thread_blocked, id=42152, stack(0x0000005cc1200000,0x0000005cc1300000) (1024K)]
  0x000002086f80a2e0 JavaThread "LocalFile Deleter"          daemon [_thread_blocked, id=34116, stack(0x0000005cc1300000,0x0000005cc1400000) (1024K)]
  0x000002086f809c50 JavaThread "LocalFile Deleter"          daemon [_thread_blocked, id=47696, stack(0x0000005cc1400000,0x0000005cc1500000) (1024K)]
  0x000002086f80a970 JavaThread "LocalFile Deleter"          daemon [_thread_blocked, id=16052, stack(0x0000005cc1500000,0x0000005cc1600000) (1024K)]
  0x000002086f807b80 JavaThread "LocalFile Deleter"          daemon [_thread_blocked, id=46864, stack(0x0000005cc1600000,0x0000005cc1700000) (1024K)]
  0x000002086f808210 JavaThread "LocalFile Deleter"          daemon [_thread_blocked, id=37140, stack(0x0000005cc1700000,0x0000005cc1800000) (1024K)]
  0x000002086f8074f0 JavaThread "LocalFile Deleter"          daemon [_thread_blocked, id=30420, stack(0x0000005cc1800000,0x0000005cc1900000) (1024K)]
  0x000002087153e6a0 JavaThread "LocalFile Deleter"          daemon [_thread_blocked, id=1188, stack(0x0000005cc1900000,0x0000005cc1a00000) (1024K)]
  0x0000020871540770 JavaThread "LocalFile Deleter"          daemon [_thread_blocked, id=45596, stack(0x0000005cc1a00000,0x0000005cc1b00000) (1024K)]
  0x000002087153f3c0 JavaThread "LocalFile Deleter"          daemon [_thread_blocked, id=26960, stack(0x0000005cc1b00000,0x0000005cc1c00000) (1024K)]
  0x0000020871540e00 JavaThread "Compiler Source File Reader" daemon [_thread_blocked, id=32936, stack(0x0000005cc1c00000,0x0000005cc1d00000) (1024K)]
  0x00000208715400e0 JavaThread "Compiler Source File Reader" daemon [_thread_blocked, id=45220, stack(0x0000005cc1d00000,0x0000005cc1e00000) (1024K)]
  0x000002087153ed30 JavaThread "Compiler Source File Reader" daemon [_thread_blocked, id=26980, stack(0x0000005cc1e00000,0x0000005cc1f00000) (1024K)]
  0x000002087153fa50 JavaThread "Compiler Source File Reader" daemon [_thread_blocked, id=38280, stack(0x0000005cc1f00000,0x0000005cc2000000) (1024K)]
  0x000002087153e010 JavaThread "Compiler Source File Reader" daemon [_thread_blocked, id=35140, stack(0x0000005cc2000000,0x0000005cc2100000) (1024K)]
  0x000002087153d980 JavaThread "Compiler Source File Reader" daemon [_thread_blocked, id=38920, stack(0x0000005cc2100000,0x0000005cc2200000) (1024K)]
  0x0000020871543bf0 JavaThread "Compiler Source File Reader" daemon [_thread_blocked, id=47672, stack(0x0000005cc2200000,0x0000005cc2300000) (1024K)]
  0x0000020871542ed0 JavaThread "Compiler Source File Reader" daemon [_thread_blocked, id=22576, stack(0x0000005cc2300000,0x0000005cc2400000) (1024K)]
  0x0000020871542840 JavaThread "Compiler Source File Reader" daemon [_thread_blocked, id=37164, stack(0x0000005cc2400000,0x0000005cc2500000) (1024K)]
  0x0000020871543560 JavaThread "Compiler Source File Reader" daemon [_thread_blocked, id=43216, stack(0x0000005cc2500000,0x0000005cc2600000) (1024K)]
  0x0000020871544fa0 JavaThread "Compiler Processing Task"   daemon [_thread_blocked, id=364, stack(0x0000005cbf400000,0x0000005cbf500000) (1024K)]
  0x0000020871541b20 JavaThread "Compiler Class File Writer" daemon [_thread_blocked, id=42340, stack(0x0000005cc2600000,0x0000005cc2700000) (1024K)]
  0x00000208715421b0 JavaThread "Compiler Class File Writer" daemon [_thread_blocked, id=44096, stack(0x0000005cc2700000,0x0000005cc2800000) (1024K)]
  0x000002086d1fde70 JavaThread "Compiler Class File Writer" daemon [_thread_blocked, id=27548, stack(0x0000005cc2800000,0x0000005cc2900000) (1024K)]
  0x000002086d201980 JavaThread "Compiler Class File Writer" daemon [_thread_blocked, id=30712, stack(0x0000005cc2900000,0x0000005cc2a00000) (1024K)]
  0x000002086d1fff40 JavaThread "Compiler Class File Writer" daemon [_thread_blocked, id=48100, stack(0x0000005cc2a00000,0x0000005cc2b00000) (1024K)]
  0x000002086d1fe500 JavaThread "Compiler Class File Writer" daemon [_thread_blocked, id=41224, stack(0x0000005cc2b00000,0x0000005cc2c00000) (1024K)]
  0x000002086d200c60 JavaThread "Compiler Class File Writer" daemon [_thread_blocked, id=30436, stack(0x0000005cc2c00000,0x0000005cc2d00000) (1024K)]
  0x000002086d2005d0 JavaThread "Compiler Class File Writer" daemon [_thread_blocked, id=34280, stack(0x0000005cc2d00000,0x0000005cc2e00000) (1024K)]
  0x000002086d202010 JavaThread "Compiler Class File Writer" daemon [_thread_blocked, id=192, stack(0x0000005cc2e00000,0x0000005cc2f00000) (1024K)]
  0x000002086d1ff8b0 JavaThread "Compiler Class File Writer" daemon [_thread_blocked, id=36620, stack(0x0000005cc2f00000,0x0000005cc3000000) (1024K)]
  0x00000208682c5fa0 JavaThread "C2 CompilerThread2"         daemon [_thread_blocked, id=31508, stack(0x0000005cbe300000,0x0000005cbe400000) (1024K)]
Total: 77

Other Threads:
  0x0000020824d54960 VMThread "VM Thread"                           [id=13916, stack(0x0000005cbd700000,0x0000005cbd800000) (1024K)]
  0x0000020824c4ca00 WatcherThread "VM Periodic Task Thread"        [id=24660, stack(0x0000005cbd600000,0x0000005cbd700000) (1024K)]
  0x00000208109abdb0 WorkerThread "GC Thread#0"                     [id=46560, stack(0x0000005cbd500000,0x0000005cbd600000) (1024K)]
  0x000002086d385590 WorkerThread "GC Thread#1"                     [id=5664, stack(0x0000005cbe400000,0x0000005cbe500000) (1024K)]
  0x0000020868658030 WorkerThread "GC Thread#2"                     [id=26492, stack(0x0000005cbe500000,0x0000005cbe600000) (1024K)]
  0x00000208686583d0 WorkerThread "GC Thread#3"                     [id=33416, stack(0x0000005cbe600000,0x0000005cbe700000) (1024K)]
  0x0000020868492610 WorkerThread "GC Thread#4"                     [id=45292, stack(0x0000005cbe700000,0x0000005cbe800000) (1024K)]
  0x00000208684929b0 WorkerThread "GC Thread#5"                     [id=6036, stack(0x0000005cbe800000,0x0000005cbe900000) (1024K)]
  0x000002086857e4d0 WorkerThread "GC Thread#6"                     [id=45328, stack(0x0000005cbe900000,0x0000005cbea00000) (1024K)]
  0x000002086893ae20 WorkerThread "GC Thread#7"                     [id=13892, stack(0x0000005cbec00000,0x0000005cbed00000) (1024K)]
  0x000002086d37e230 WorkerThread "GC Thread#8"                     [id=44980, stack(0x0000005cbef00000,0x0000005cbf000000) (1024K)]
  0x000002086d37cc70 WorkerThread "GC Thread#9"                     [id=33884, stack(0x0000005cbf000000,0x0000005cbf100000) (1024K)]
Total: 12

Threads with active compile tasks:
C2 CompilerThread0  26480 16861       4       org.apache.maven.model.inheritance.DefaultInheritanceAssembler$InheritanceModelMerger::mergePluginContainer_Plugins (433 bytes)
Total: 1

VM state: not at safepoint (normal execution)

VM Mutex/Monitor currently owned by a thread: None

Heap address: 0x00000000c0000000, size: 1024 MB, Compressed Oops mode: 32-bit

CDS archive(s) mapped at: [0x0000020825000000-0x0000020825ba0000-0x0000020825ba0000), size 12189696, SharedBaseAddress: 0x0000020825000000, ArchiveRelocationMode: 1.
Compressed class space mapped at: 0x0000020826000000-0x0000020866000000, reserved size: 1073741824
Narrow klass base: 0x0000020825000000, Narrow klass shift: 0, Narrow klass range: 0x100000000

GC Precious Log:
 CardTable entry size: 512
 CPUs: 12 total, 12 available
 Memory: 8001M
 Large Page Support: Disabled
 NUMA Support: Disabled
 Compressed Oops: Enabled (32-bit)
 Alignments: Space 512K, Generation 512K, Heap 2M
 Heap Min Capacity: 100M
 Heap Initial Capacity: 100M
 Heap Max Capacity: 1G
 Pre-touch: Disabled
 Parallel Workers: 10

Heap:
 PSYoungGen      total 10752K, used 8141K [0x00000000eab00000, 0x00000000ebb80000, 0x0000000100000000)
  eden space 5120K, 61% used [0x00000000eab00000,0x00000000eae0ccd0,0x00000000eb000000)
  from space 5632K, 92% used [0x00000000eb600000,0x00000000ebb174e0,0x00000000ebb80000)
  to   space 5632K, 0% used [0x00000000eb080000,0x00000000eb080000,0x00000000eb600000)
 ParOldGen       total 616960K, used 616501K [0x00000000c0000000, 0x00000000e5a80000, 0x00000000eab00000)
  object space 616960K, 99% used [0x00000000c0000000,0x00000000e5a0d440,0x00000000e5a80000)
 Metaspace       used 67267K, committed 68800K, reserved 1114112K
  class space    used 6588K, committed 7296K, reserved 1048576K

Card table byte_map: [0x0000020810320000,0x0000020810530000] _byte_map_base: 0x000002080fd20000

Marking Bits: (ParMarkBitMap*) 0x00007ffbe82131f0
 Begin Bits: [0x0000020822b70000, 0x0000020823b70000)
 End Bits:   [0x0000020823b70000, 0x0000020824b70000)

Polling page: 0x000002080e780000

Metaspace:

Usage:
  Non-class:     59.26 MB used.
      Class:      6.43 MB used.
       Both:     65.69 MB used.

Virtual space:
  Non-class space:       64.00 MB reserved,      60.06 MB ( 94%) committed,  1 nodes.
      Class space:        1.00 GB reserved,       7.12 MB ( <1%) committed,  1 nodes.
             Both:        1.06 GB reserved,      67.19 MB (  6%) committed. 

Chunk freelists:
   Non-Class:  3.75 MB
       Class:  8.89 MB
        Both:  12.64 MB

MaxMetaspaceSize: unlimited
CompressedClassSpaceSize: 1.00 GB
Initial GC threshold: 21.00 MB
Current GC threshold: 97.31 MB
CDS: on
 - commit_granule_bytes: 65536.
 - commit_granule_words: 8192.
 - virtual_space_node_default_size: 8388608.
 - enlarge_chunks_in_place: 1.
 - use_allocation_guard: 0.


Internal statistics:

num_allocs_failed_limit: 9.
num_arena_births: 1306.
num_arena_deaths: 14.
num_vsnodes_births: 2.
num_vsnodes_deaths: 0.
num_space_committed: 1075.
num_space_uncommitted: 0.
num_chunks_returned_to_freelist: 23.
num_chunks_taken_from_freelist: 4525.
num_chunk_merges: 12.
num_chunk_splits: 2795.
num_chunks_enlarged: 1626.
num_inconsistent_stats: 0.

CodeHeap 'non-profiled nmethods': size=120000Kb used=12183Kb max_used=12183Kb free=107816Kb
 bounds [0x000002081b640000, 0x000002081c230000, 0x0000020822b70000]
CodeHeap 'profiled nmethods': size=120000Kb used=39044Kb max_used=39044Kb free=80955Kb
 bounds [0x0000020813b70000, 0x00000208161a0000, 0x000002081b0a0000]
CodeHeap 'non-nmethods': size=5760Kb used=1427Kb max_used=1524Kb free=4332Kb
 bounds [0x000002081b0a0000, 0x000002081b310000, 0x000002081b640000]
 total_blobs=16995 nmethods=16257 adapters=642
 compilation: enabled
              stopped_count=0, restarted_count=0
 full_count=0

Compilation events (20 events):
Event: 25.187 Thread 0x00000208682c5fa0 nmethod 17041 0x000002081c1eec10 code [0x000002081c1eeda0, 0x000002081c1eee78]
Event: 25.187 Thread 0x00000208682c5fa0 16921       4       org.eclipse.aether.graph.Dependency::equals (94 bytes)
Event: 25.190 Thread 0x00000208682c5fa0 nmethod 16921 0x000002081c1eef10 code [0x000002081c1ef0c0, 0x000002081c1ef408]
Event: 25.190 Thread 0x00000208682c5fa0 17046       4       org.eclipse.aether.util.graph.transformer.ConflictResolver$State::push (457 bytes)
Event: 25.197 Thread 0x0000020867252730 17150       2       java.util.TreeMap::compare (32 bytes)
Event: 25.197 Thread 0x0000020867252730 nmethod 17150 0x000002081618d890 code [0x000002081618da60, 0x000002081618dc50]
Event: 25.198 Thread 0x0000020867252730 17151       2       org.eclipse.core.runtime.MultiStatus::<init> (22 bytes)
Event: 25.198 Thread 0x0000020867252730 nmethod 17151 0x000002081618dd10 code [0x000002081618dec0, 0x000002081618e0b8]
Event: 25.202 Thread 0x0000020867252730 17153       2       org.eclipse.core.internal.localstore.UnifiedTreeNode::getStore (26 bytes)
Event: 25.203 Thread 0x0000020867252730 nmethod 17153 0x000002081618e210 code [0x000002081618e3c0, 0x000002081618e580]
Event: 25.212 Thread 0x0000020867252730 17154       2       org.eclipse.core.internal.jobs.DeadlockDetector::lockReleased (273 bytes)
Event: 25.213 Thread 0x0000020867252730 nmethod 17154 0x000002081618e710 code [0x000002081618ea00, 0x000002081618f4b0]
Event: 25.213 Thread 0x0000020867252730 17155       2       org.eclipse.core.internal.jobs.DeadlockDetector::lockAcquired (99 bytes)
Event: 25.213 Thread 0x0000020867252730 nmethod 17155 0x000002081618fb90 code [0x000002081618fda0, 0x0000020816190230]
Event: 25.214 Thread 0x0000020867252730 17156       2       org.eclipse.core.internal.dtree.AbstractDataTreeNode::childAtIgnoreCase (61 bytes)
Event: 25.214 Thread 0x0000020867252730 nmethod 17156 0x0000020816190510 code [0x00000208161906e0, 0x0000020816190970]
Event: 25.218 Thread 0x0000020867252730 17157       3       sun.nio.fs.WindowsFileAttributeViews$Basic::readAttributes (5 bytes)
Event: 25.219 Thread 0x0000020867252730 nmethod 17157 0x0000020816190b10 code [0x0000020816190d00, 0x0000020816191188]
Event: 25.270 Thread 0x00000208682c5fa0 nmethod 17046 0x000002081c1ef690 code [0x000002081c1efb80, 0x000002081c1f2b00]
Event: 25.271 Thread 0x00000208682c5fa0 17152       4       org.eclipse.jdt.internal.compiler.classfmt.AnnotationInfo::scanAnnotation (330 bytes)

GC Heap History (20 events):
Event: 25.152 GC heap before
{Heap before GC invocations=887 (full 3):
 PSYoungGen      total 6144K, used 5824K [0x00000000eab00000, 0x00000000eb200000, 0x0000000100000000)
  eden space 5120K, 100% used [0x00000000eab00000,0x00000000eb000000,0x00000000eb000000)
  from space 1024K, 68% used [0x00000000eb000000,0x00000000eb0b0000,0x00000000eb100000)
  to   space 1024K, 0% used [0x00000000eb100000,0x00000000eb100000,0x00000000eb200000)
 ParOldGen       total 601600K, used 601191K [0x00000000c0000000, 0x00000000e4b80000, 0x00000000eab00000)
  object space 601600K, 99% used [0x00000000c0000000,0x00000000e4b19e28,0x00000000e4b80000)
 Metaspace       used 67267K, committed 68800K, reserved 1114112K
  class space    used 6588K, committed 7296K, reserved 1048576K
}
Event: 25.154 GC heap after
{Heap after GC invocations=887 (full 3):
 PSYoungGen      total 6144K, used 704K [0x00000000eab00000, 0x00000000eb200000, 0x0000000100000000)
  eden space 5120K, 0% used [0x00000000eab00000,0x00000000eab00000,0x00000000eb000000)
  from space 1024K, 68% used [0x00000000eb100000,0x00000000eb1b0000,0x00000000eb200000)
  to   space 1024K, 0% used [0x00000000eb000000,0x00000000eb000000,0x00000000eb100000)
 ParOldGen       total 602112K, used 601727K [0x00000000c0000000, 0x00000000e4c00000, 0x00000000eab00000)
  object space 602112K, 99% used [0x00000000c0000000,0x00000000e4b9fe28,0x00000000e4c00000)
 Metaspace       used 67267K, committed 68800K, reserved 1114112K
  class space    used 6588K, committed 7296K, reserved 1048576K
}
Event: 25.166 GC heap before
{Heap before GC invocations=888 (full 3):
 PSYoungGen      total 6144K, used 5824K [0x00000000eab00000, 0x00000000eb200000, 0x0000000100000000)
  eden space 5120K, 100% used [0x00000000eab00000,0x00000000eb000000,0x00000000eb000000)
  from space 1024K, 68% used [0x00000000eb100000,0x00000000eb1b0000,0x00000000eb200000)
  to   space 1024K, 0% used [0x00000000eb000000,0x00000000eb000000,0x00000000eb100000)
 ParOldGen       total 602112K, used 601727K [0x00000000c0000000, 0x00000000e4c00000, 0x00000000eab00000)
  object space 602112K, 99% used [0x00000000c0000000,0x00000000e4b9fe28,0x00000000e4c00000)
 Metaspace       used 67267K, committed 68800K, reserved 1114112K
  class space    used 6588K, committed 7296K, reserved 1048576K
}
Event: 25.168 GC heap after
{Heap after GC invocations=888 (full 3):
 PSYoungGen      total 6144K, used 800K [0x00000000eab00000, 0x00000000eb200000, 0x0000000100000000)
  eden space 5120K, 0% used [0x00000000eab00000,0x00000000eab00000,0x00000000eb000000)
  from space 1024K, 78% used [0x00000000eb000000,0x00000000eb0c8000,0x00000000eb100000)
  to   space 1024K, 0% used [0x00000000eb100000,0x00000000eb100000,0x00000000eb200000)
 ParOldGen       total 602624K, used 602279K [0x00000000c0000000, 0x00000000e4c80000, 0x00000000eab00000)
  object space 602624K, 99% used [0x00000000c0000000,0x00000000e4c29e28,0x00000000e4c80000)
 Metaspace       used 67267K, committed 68800K, reserved 1114112K
  class space    used 6588K, committed 7296K, reserved 1048576K
}
Event: 25.184 GC heap before
{Heap before GC invocations=889 (full 3):
 PSYoungGen      total 6144K, used 5920K [0x00000000eab00000, 0x00000000eb200000, 0x0000000100000000)
  eden space 5120K, 100% used [0x00000000eab00000,0x00000000eb000000,0x00000000eb000000)
  from space 1024K, 78% used [0x00000000eb000000,0x00000000eb0c8000,0x00000000eb100000)
  to   space 1024K, 0% used [0x00000000eb100000,0x00000000eb100000,0x00000000eb200000)
 ParOldGen       total 602624K, used 602279K [0x00000000c0000000, 0x00000000e4c80000, 0x00000000eab00000)
  object space 602624K, 99% used [0x00000000c0000000,0x00000000e4c29e28,0x00000000e4c80000)
 Metaspace       used 67267K, committed 68800K, reserved 1114112K
  class space    used 6588K, committed 7296K, reserved 1048576K
}
Event: 25.186 GC heap after
{Heap after GC invocations=889 (full 3):
 PSYoungGen      total 6144K, used 880K [0x00000000eab00000, 0x00000000eb200000, 0x0000000100000000)
  eden space 5120K, 0% used [0x00000000eab00000,0x00000000eab00000,0x00000000eb000000)
  from space 1024K, 85% used [0x00000000eb100000,0x00000000eb1dc030,0x00000000eb200000)
  to   space 1024K, 0% used [0x00000000eb000000,0x00000000eb000000,0x00000000eb100000)
 ParOldGen       total 603136K, used 602887K [0x00000000c0000000, 0x00000000e4d00000, 0x00000000eab00000)
  object space 603136K, 99% used [0x00000000c0000000,0x00000000e4cc1e28,0x00000000e4d00000)
 Metaspace       used 67267K, committed 68800K, reserved 1114112K
  class space    used 6588K, committed 7296K, reserved 1048576K
}
Event: 25.203 GC heap before
{Heap before GC invocations=890 (full 3):
 PSYoungGen      total 6144K, used 6000K [0x00000000eab00000, 0x00000000eb200000, 0x0000000100000000)
  eden space 5120K, 100% used [0x00000000eab00000,0x00000000eb000000,0x00000000eb000000)
  from space 1024K, 85% used [0x00000000eb100000,0x00000000eb1dc030,0x00000000eb200000)
  to   space 1024K, 0% used [0x00000000eb000000,0x00000000eb000000,0x00000000eb100000)
 ParOldGen       total 603136K, used 602887K [0x00000000c0000000, 0x00000000e4d00000, 0x00000000eab00000)
  object space 603136K, 99% used [0x00000000c0000000,0x00000000e4cc1e28,0x00000000e4d00000)
 Metaspace       used 67267K, committed 68800K, reserved 1114112K
  class space    used 6588K, committed 7296K, reserved 1048576K
}
Event: 25.205 GC heap after
{Heap after GC invocations=890 (full 3):
 PSYoungGen      total 6144K, used 899K [0x00000000eab00000, 0x00000000eb200000, 0x0000000100000000)
  eden space 5120K, 0% used [0x00000000eab00000,0x00000000eab00000,0x00000000eb000000)
  from space 1024K, 87% used [0x00000000eb000000,0x00000000eb0e0ef8,0x00000000eb100000)
  to   space 1024K, 0% used [0x00000000eb100000,0x00000000eb100000,0x00000000eb200000)
 ParOldGen       total 603648K, used 603495K [0x00000000c0000000, 0x00000000e4d80000, 0x00000000eab00000)
  object space 603648K, 99% used [0x00000000c0000000,0x00000000e4d59e58,0x00000000e4d80000)
 Metaspace       used 67267K, committed 68800K, reserved 1114112K
  class space    used 6588K, committed 7296K, reserved 1048576K
}
Event: 25.221 GC heap before
{Heap before GC invocations=891 (full 3):
 PSYoungGen      total 6144K, used 5932K [0x00000000eab00000, 0x00000000eb200000, 0x0000000100000000)
  eden space 5120K, 98% used [0x00000000eab00000,0x00000000eafea2b8,0x00000000eb000000)
  from space 1024K, 87% used [0x00000000eb000000,0x00000000eb0e0ef8,0x00000000eb100000)
  to   space 1024K, 0% used [0x00000000eb100000,0x00000000eb100000,0x00000000eb200000)
 ParOldGen       total 603648K, used 603495K [0x00000000c0000000, 0x00000000e4d80000, 0x00000000eab00000)
  object space 603648K, 99% used [0x00000000c0000000,0x00000000e4d59e58,0x00000000e4d80000)
 Metaspace       used 67267K, committed 68800K, reserved 1114112K
  class space    used 6588K, committed 7296K, reserved 1048576K
}
Event: 25.224 GC heap after
{Heap after GC invocations=891 (full 3):
 PSYoungGen      total 4608K, used 1022K [0x00000000eab00000, 0x00000000eb500000, 0x0000000100000000)
  eden space 3584K, 0% used [0x00000000eab00000,0x00000000eab00000,0x00000000eae80000)
  from space 1024K, 99% used [0x00000000eb100000,0x00000000eb1ff830,0x00000000eb200000)
  to   space 2560K, 0% used [0x00000000eae80000,0x00000000eae80000,0x00000000eb100000)
 ParOldGen       total 604672K, used 604504K [0x00000000c0000000, 0x00000000e4e80000, 0x00000000eab00000)
  object space 604672K, 99% used [0x00000000c0000000,0x00000000e4e56068,0x00000000e4e80000)
 Metaspace       used 67267K, committed 68800K, reserved 1114112K
  class space    used 6588K, committed 7296K, reserved 1048576K
}
Event: 25.230 GC heap before
{Heap before GC invocations=892 (full 3):
 PSYoungGen      total 4608K, used 4606K [0x00000000eab00000, 0x00000000eb500000, 0x0000000100000000)
  eden space 3584K, 100% used [0x00000000eab00000,0x00000000eae80000,0x00000000eae80000)
  from space 1024K, 99% used [0x00000000eb100000,0x00000000eb1ff830,0x00000000eb200000)
  to   space 2560K, 0% used [0x00000000eae80000,0x00000000eae80000,0x00000000eb100000)
 ParOldGen       total 604672K, used 604504K [0x00000000c0000000, 0x00000000e4e80000, 0x00000000eab00000)
  object space 604672K, 99% used [0x00000000c0000000,0x00000000e4e56068,0x00000000e4e80000)
 Metaspace       used 67267K, committed 68800K, reserved 1114112K
  class space    used 6588K, committed 7296K, reserved 1048576K
}
Event: 25.232 GC heap after
{Heap after GC invocations=892 (full 3):
 PSYoungGen      total 5632K, used 1734K [0x00000000eab00000, 0x00000000eb280000, 0x0000000100000000)
  eden space 3584K, 0% used [0x00000000eab00000,0x00000000eab00000,0x00000000eae80000)
  from space 2048K, 84% used [0x00000000eae80000,0x00000000eb031910,0x00000000eb080000)
  to   space 2048K, 0% used [0x00000000eb080000,0x00000000eb080000,0x00000000eb280000)
 ParOldGen       total 606208K, used 605529K [0x00000000c0000000, 0x00000000e5000000, 0x00000000eab00000)
  object space 606208K, 99% used [0x00000000c0000000,0x00000000e4f56530,0x00000000e5000000)
 Metaspace       used 67267K, committed 68800K, reserved 1114112K
  class space    used 6588K, committed 7296K, reserved 1048576K
}
Event: 25.239 GC heap before
{Heap before GC invocations=893 (full 3):
 PSYoungGen      total 5632K, used 5318K [0x00000000eab00000, 0x00000000eb280000, 0x0000000100000000)
  eden space 3584K, 100% used [0x00000000eab00000,0x00000000eae80000,0x00000000eae80000)
  from space 2048K, 84% used [0x00000000eae80000,0x00000000eb031910,0x00000000eb080000)
  to   space 2048K, 0% used [0x00000000eb080000,0x00000000eb080000,0x00000000eb280000)
 ParOldGen       total 606208K, used 605529K [0x00000000c0000000, 0x00000000e5000000, 0x00000000eab00000)
  object space 606208K, 99% used [0x00000000c0000000,0x00000000e4f56530,0x00000000e5000000)
 Metaspace       used 67267K, committed 68800K, reserved 1114112K
  class space    used 6588K, committed 7296K, reserved 1048576K
}
Event: 25.242 GC heap after
{Heap after GC invocations=893 (full 3):
 PSYoungGen      total 4608K, used 950K [0x00000000eab00000, 0x00000000eb180000, 0x0000000100000000)
  eden space 3584K, 0% used [0x00000000eab00000,0x00000000eab00000,0x00000000eae80000)
  from space 1024K, 92% used [0x00000000eb080000,0x00000000eb16d928,0x00000000eb180000)
  to   space 1536K, 0% used [0x00000000eae80000,0x00000000eae80000,0x00000000eb000000)
 ParOldGen       total 607232K, used 607143K [0x00000000c0000000, 0x00000000e5100000, 0x00000000eab00000)
  object space 607232K, 99% used [0x00000000c0000000,0x00000000e50e9d50,0x00000000e5100000)
 Metaspace       used 67267K, committed 68800K, reserved 1114112K
  class space    used 6588K, committed 7296K, reserved 1048576K
}
Event: 25.253 GC heap before
{Heap before GC invocations=894 (full 3):
 PSYoungGen      total 4608K, used 4534K [0x00000000eab00000, 0x00000000eb180000, 0x0000000100000000)
  eden space 3584K, 100% used [0x00000000eab00000,0x00000000eae80000,0x00000000eae80000)
  from space 1024K, 92% used [0x00000000eb080000,0x00000000eb16d928,0x00000000eb180000)
  to   space 1536K, 0% used [0x00000000eae80000,0x00000000eae80000,0x00000000eb000000)
 ParOldGen       total 607232K, used 607143K [0x00000000c0000000, 0x00000000e5100000, 0x00000000eab00000)
  object space 607232K, 99% used [0x00000000c0000000,0x00000000e50e9d50,0x00000000e5100000)
 Metaspace       used 67267K, committed 68800K, reserved 1114112K
  class space    used 6588K, committed 7296K, reserved 1048576K
}
Event: 25.255 GC heap after
{Heap after GC invocations=894 (full 3):
 PSYoungGen      total 5120K, used 675K [0x00000000eab00000, 0x00000000eb100000, 0x0000000100000000)
  eden space 3584K, 0% used [0x00000000eab00000,0x00000000eab00000,0x00000000eae80000)
  from space 1536K, 43% used [0x00000000eae80000,0x00000000eaf28f50,0x00000000eb000000)
  to   space 1024K, 0% used [0x00000000eb000000,0x00000000eb000000,0x00000000eb100000)
 ParOldGen       total 608256K, used 607874K [0x00000000c0000000, 0x00000000e5200000, 0x00000000eab00000)
  object space 608256K, 99% used [0x00000000c0000000,0x00000000e51a0b20,0x00000000e5200000)
 Metaspace       used 67267K, committed 68800K, reserved 1114112K
  class space    used 6588K, committed 7296K, reserved 1048576K
}
Event: 25.268 GC heap before
{Heap before GC invocations=895 (full 3):
 PSYoungGen      total 5120K, used 4259K [0x00000000eab00000, 0x00000000eb100000, 0x0000000100000000)
  eden space 3584K, 100% used [0x00000000eab00000,0x00000000eae80000,0x00000000eae80000)
  from space 1536K, 43% used [0x00000000eae80000,0x00000000eaf28f50,0x00000000eb000000)
  to   space 1024K, 0% used [0x00000000eb000000,0x00000000eb000000,0x00000000eb100000)
 ParOldGen       total 608256K, used 607874K [0x00000000c0000000, 0x00000000e5200000, 0x00000000eab00000)
  object space 608256K, 99% used [0x00000000c0000000,0x00000000e51a0b20,0x00000000e5200000)
 Metaspace       used 67267K, committed 68800K, reserved 1114112K
  class space    used 6588K, committed 7296K, reserved 1048576K
}
Event: 25.269 GC heap after
{Heap after GC invocations=895 (full 3):
 PSYoungGen      total 4608K, used 576K [0x00000000eab00000, 0x00000000eb100000, 0x0000000100000000)
  eden space 3584K, 0% used [0x00000000eab00000,0x00000000eab00000,0x00000000eae80000)
  from space 1024K, 56% used [0x00000000eb000000,0x00000000eb090000,0x00000000eb100000)
  to   space 1024K, 0% used [0x00000000eaf00000,0x00000000eaf00000,0x00000000eb000000)
 ParOldGen       total 608768K, used 608433K [0x00000000c0000000, 0x00000000e5280000, 0x00000000eab00000)
  object space 608768K, 99% used [0x00000000c0000000,0x00000000e522c4d0,0x00000000e5280000)
 Metaspace       used 67267K, committed 68800K, reserved 1114112K
  class space    used 6588K, committed 7296K, reserved 1048576K
}
Event: 25.276 GC heap before
{Heap before GC invocations=896 (full 3):
 PSYoungGen      total 4608K, used 4160K [0x00000000eab00000, 0x00000000eb100000, 0x0000000100000000)
  eden space 3584K, 100% used [0x00000000eab00000,0x00000000eae80000,0x00000000eae80000)
  from space 1024K, 56% used [0x00000000eb000000,0x00000000eb090000,0x00000000eb100000)
  to   space 1024K, 0% used [0x00000000eaf00000,0x00000000eaf00000,0x00000000eb000000)
 ParOldGen       total 608768K, used 608433K [0x00000000c0000000, 0x00000000e5280000, 0x00000000eab00000)
  object space 608768K, 99% used [0x00000000c0000000,0x00000000e522c4d0,0x00000000e5280000)
 Metaspace       used 67267K, committed 68800K, reserved 1114112K
  class space    used 6588K, committed 7296K, reserved 1048576K
}
Event: 26.285 GC heap after
{Heap after GC invocations=896 (full 3):
 PSYoungGen      total 5120K, used 640K [0x00000000eab00000, 0x00000000eb180000, 0x0000000100000000)
  eden space 4096K, 0% used [0x00000000eab00000,0x00000000eab00000,0x00000000eaf00000)
  from space 1024K, 62% used [0x00000000eaf00000,0x00000000eafa0000,0x00000000eb000000)
  to   space 1024K, 0% used [0x00000000eb080000,0x00000000eb080000,0x00000000eb180000)
 ParOldGen       total 609280K, used 608872K [0x00000000c0000000, 0x00000000e5300000, 0x00000000eab00000)
  object space 609280K, 99% used [0x00000000c0000000,0x00000000e529a360,0x00000000e5300000)
 Metaspace       used 67267K, committed 68800K, reserved 1114112K
  class space    used 6588K, committed 7296K, reserved 1048576K
}

Dll operation events (10 events):
Event: 0.012 Loaded shared library c:\Users\ADIKTA\.vscode\extensions\redhat.java-1.42.0-win32-x64\jre\21.0.7-win32-x86_64\bin\java.dll
Event: 0.103 Loaded shared library c:\Users\ADIKTA\.vscode\extensions\redhat.java-1.42.0-win32-x64\jre\21.0.7-win32-x86_64\bin\zip.dll
Event: 0.128 Loaded shared library C:\Users\ADIKTA\.vscode\extensions\redhat.java-1.42.0-win32-x64\jre\21.0.7-win32-x86_64\bin\instrument.dll
Event: 0.137 Loaded shared library C:\Users\ADIKTA\.vscode\extensions\redhat.java-1.42.0-win32-x64\jre\21.0.7-win32-x86_64\bin\net.dll
Event: 0.140 Loaded shared library C:\Users\ADIKTA\.vscode\extensions\redhat.java-1.42.0-win32-x64\jre\21.0.7-win32-x86_64\bin\nio.dll
Event: 0.146 Loaded shared library C:\Users\ADIKTA\.vscode\extensions\redhat.java-1.42.0-win32-x64\jre\21.0.7-win32-x86_64\bin\zip.dll
Event: 0.169 Loaded shared library C:\Users\ADIKTA\.vscode\extensions\redhat.java-1.42.0-win32-x64\jre\21.0.7-win32-x86_64\bin\jimage.dll
Event: 0.259 Loaded shared library c:\Users\ADIKTA\.vscode\extensions\redhat.java-1.42.0-win32-x64\jre\21.0.7-win32-x86_64\bin\verify.dll
Event: 1.317 Loaded shared library C:\Users\ADIKTA\AppData\Roaming\Code\User\globalStorage\redhat.java\1.42.0\config_win\org.eclipse.equinox.launcher\org.eclipse.equinox.launcher.win32.win32.x86_64_1.2.1300.v20250331-1702\eclipse_11911.dll
Event: 3.475 Loaded shared library C:\Users\ADIKTA\AppData\Local\Temp\jna-1925943730\jna6550696281553252957.dll

Deoptimization events (20 events):
Event: 25.146 Thread 0x000002086d505040 DEOPT PACKING pc=0x00000208160bf1aa sp=0x0000005cbf8feeb0
Event: 25.146 Thread 0x000002086d505040 DEOPT UNPACKING pc=0x000002081b0f4242 sp=0x0000005cbf8fe438 mode 0
Event: 25.162 Thread 0x000002086d505040 DEOPT PACKING pc=0x00000208160bf1aa sp=0x0000005cbf8feeb0
Event: 25.162 Thread 0x000002086d505040 DEOPT UNPACKING pc=0x000002081b0f4242 sp=0x0000005cbf8fe438 mode 0
Event: 25.173 Thread 0x000002086d505040 DEOPT PACKING pc=0x00000208160bf1aa sp=0x0000005cbf8feeb0
Event: 25.173 Thread 0x000002086d505040 DEOPT UNPACKING pc=0x000002081b0f4242 sp=0x0000005cbf8fe438 mode 0
Event: 25.189 Thread 0x000002086d505040 DEOPT PACKING pc=0x00000208160bf1aa sp=0x0000005cbf8feeb0
Event: 25.189 Thread 0x000002086d505040 DEOPT UNPACKING pc=0x000002081b0f4242 sp=0x0000005cbf8fe438 mode 0
Event: 25.200 Thread 0x000002086d505040 DEOPT PACKING pc=0x00000208160bf1aa sp=0x0000005cbf8feeb0
Event: 25.200 Thread 0x000002086d505040 DEOPT UNPACKING pc=0x000002081b0f4242 sp=0x0000005cbf8fe438 mode 0
Event: 25.220 Thread 0x000002086d505040 DEOPT PACKING pc=0x00000208160bf1aa sp=0x0000005cbf8feeb0
Event: 25.220 Thread 0x000002086d505040 DEOPT UNPACKING pc=0x000002081b0f4242 sp=0x0000005cbf8fe438 mode 0
Event: 25.233 Thread 0x000002086d505040 DEOPT PACKING pc=0x00000208160bf1aa sp=0x0000005cbf8feeb0
Event: 25.233 Thread 0x000002086d505040 DEOPT UNPACKING pc=0x000002081b0f4242 sp=0x0000005cbf8fe438 mode 0
Event: 25.247 Thread 0x000002086d505040 DEOPT PACKING pc=0x00000208160bf1aa sp=0x0000005cbf8feeb0
Event: 25.247 Thread 0x000002086d505040 DEOPT UNPACKING pc=0x000002081b0f4242 sp=0x0000005cbf8fe438 mode 0
Event: 25.259 Thread 0x000002086d505040 DEOPT PACKING pc=0x00000208160bf1aa sp=0x0000005cbf8feeb0
Event: 25.259 Thread 0x000002086d505040 DEOPT UNPACKING pc=0x000002081b0f4242 sp=0x0000005cbf8fe438 mode 0
Event: 25.271 Thread 0x000002086d505040 DEOPT PACKING pc=0x00000208160bf1aa sp=0x0000005cbf8feeb0
Event: 25.271 Thread 0x000002086d505040 DEOPT UNPACKING pc=0x000002081b0f4242 sp=0x0000005cbf8fe438 mode 0

Classes loaded (20 events):
Event: 17.953 Loading class java/util/stream/DistinctOps
Event: 17.953 Loading class java/util/stream/DistinctOps done
Event: 17.953 Loading class java/util/stream/DistinctOps$1
Event: 17.954 Loading class java/util/stream/DistinctOps$1 done
Event: 17.960 Loading class java/util/stream/DistinctOps$1$2
Event: 17.960 Loading class java/util/stream/DistinctOps$1$2 done
Event: 17.965 Loading class java/util/Collections$2
Event: 17.965 Loading class java/util/Collections$2 done
Event: 18.403 Loading class java/io/CharArrayWriter
Event: 18.404 Loading class java/io/CharArrayWriter done
Event: 18.461 Loading class java/util/AbstractList$RandomAccessSubList
Event: 18.461 Loading class java/util/AbstractList$SubList
Event: 18.461 Loading class java/util/AbstractList$SubList done
Event: 18.461 Loading class java/util/AbstractList$RandomAccessSubList done
Event: 18.461 Loading class java/util/AbstractList$SubList$1
Event: 18.461 Loading class java/util/AbstractList$SubList$1 done
Event: 18.798 Loading class jdk/internal/module/IllegalAccessLogger
Event: 18.798 Loading class jdk/internal/module/IllegalAccessLogger done
Event: 22.346 Loading class jdk/internal/module/IllegalAccessLogger
Event: 22.346 Loading class jdk/internal/module/IllegalAccessLogger done

Classes unloaded (7 events):
Event: 3.986 Thread 0x0000020824d54960 Unloading class 0x000002082619c400 'java/lang/invoke/LambdaForm$MH+0x000002082619c400'
Event: 3.986 Thread 0x0000020824d54960 Unloading class 0x000002082619c000 'java/lang/invoke/LambdaForm$MH+0x000002082619c000'
Event: 3.986 Thread 0x0000020824d54960 Unloading class 0x000002082619bc00 'java/lang/invoke/LambdaForm$MH+0x000002082619bc00'
Event: 3.986 Thread 0x0000020824d54960 Unloading class 0x000002082619b800 'java/lang/invoke/LambdaForm$MH+0x000002082619b800'
Event: 3.986 Thread 0x0000020824d54960 Unloading class 0x000002082619b400 'java/lang/invoke/LambdaForm$BMH+0x000002082619b400'
Event: 3.986 Thread 0x0000020824d54960 Unloading class 0x000002082619b000 'java/lang/invoke/LambdaForm$DMH+0x000002082619b000'
Event: 3.986 Thread 0x0000020824d54960 Unloading class 0x0000020826199c00 'java/lang/invoke/LambdaForm$DMH+0x0000020826199c00'

Classes redefined (0 events):
No events

Internal exceptions (20 events):
Event: 21.591 Thread 0x000002086d505040 Exception <a 'sun/nio/fs/WindowsException'{0x00000000eaca3298}> (0x00000000eaca3298) 
thrown [s\src\hotspot\share\prims\jni.cpp, line 520]
Event: 21.617 Thread 0x000002086d505040 Exception <a 'sun/nio/fs/WindowsException'{0x00000000eac39c78}> (0x00000000eac39c78) 
thrown [s\src\hotspot\share\prims\jni.cpp, line 520]
Event: 21.879 Thread 0x000002086d505040 Exception <a 'sun/nio/fs/WindowsException'{0x00000000eadaadd8}> (0x00000000eadaadd8) 
thrown [s\src\hotspot\share\prims\jni.cpp, line 520]
Event: 21.932 Thread 0x000002086d505040 Exception <a 'sun/nio/fs/WindowsException'{0x00000000eab52c98}> (0x00000000eab52c98) 
thrown [s\src\hotspot\share\prims\jni.cpp, line 520]
Event: 22.020 Thread 0x000002086d505040 Exception <a 'sun/nio/fs/WindowsException'{0x00000000ead9b4f8}> (0x00000000ead9b4f8) 
thrown [s\src\hotspot\share\prims\jni.cpp, line 520]
Event: 22.068 Thread 0x000002086d5063f0 Exception <a 'sun/nio/fs/WindowsException'{0x00000000eab70c20}> (0x00000000eab70c20) 
thrown [s\src\hotspot\share\prims\jni.cpp, line 520]
Event: 22.069 Thread 0x000002086f808210 Exception <a 'sun/nio/fs/WindowsException'{0x00000000eab76558}> (0x00000000eab76558) 
thrown [s\src\hotspot\share\prims\jni.cpp, line 520]
Event: 22.069 Thread 0x000002086f808f30 Exception <a 'sun/nio/fs/WindowsException'{0x00000000eab779e0}> (0x00000000eab779e0) 
thrown [s\src\hotspot\share\prims\jni.cpp, line 520]
Event: 22.086 Thread 0x000002086d505040 Exception <a 'sun/nio/fs/WindowsException'{0x00000000eab7dd18}> (0x00000000eab7dd18) 
thrown [s\src\hotspot\share\prims\jni.cpp, line 520]
Event: 22.172 Thread 0x000002086d505040 Exception <a 'sun/nio/fs/WindowsException'{0x00000000eab6a618}> (0x00000000eab6a618) 
thrown [s\src\hotspot\share\prims\jni.cpp, line 520]
Event: 22.245 Thread 0x000002086d505040 Exception <a 'sun/nio/fs/WindowsException'{0x00000000eac10f38}> (0x00000000eac10f38) 
thrown [s\src\hotspot\share\prims\jni.cpp, line 520]
Event: 22.357 Thread 0x000002086d505040 Exception <a 'sun/nio/fs/WindowsException'{0x00000000eac28468}> (0x00000000eac28468) 
thrown [s\src\hotspot\share\prims\jni.cpp, line 520]
Event: 22.401 Thread 0x000002086d5063f0 Exception <a 'sun/nio/fs/WindowsException'{0x00000000eabda8f0}> (0x00000000eabda8f0) 
thrown [s\src\hotspot\share\prims\jni.cpp, line 520]
Event: 22.402 Thread 0x000002086d5063f0 Exception <a 'sun/nio/fs/WindowsException'{0x00000000eabdaf20}> (0x00000000eabdaf20) 
thrown [s\src\hotspot\share\prims\jni.cpp, line 520]
Event: 22.402 Thread 0x000002086d5063f0 Exception <a 'sun/nio/fs/WindowsException'{0x00000000eabdb8c8}> (0x00000000eabdb8c8) 
thrown [s\src\hotspot\share\prims\jni.cpp, line 520]
Event: 22.402 Thread 0x000002086d5063f0 Exception <a 'sun/nio/fs/WindowsException'{0x00000000eabdbef8}> (0x00000000eabdbef8) 
thrown [s\src\hotspot\share\prims\jni.cpp, line 520]
Event: 25.047 Thread 0x000002086d5063f0 Exception <a 'sun/nio/fs/WindowsException'{0x00000000eab99870}> (0x00000000eab99870) 
thrown [s\src\hotspot\share\prims\jni.cpp, line 520]
Event: 25.202 Thread 0x000002086d5063f0 Exception <a 'sun/nio/fs/WindowsException'{0x00000000eaf7e1f0}> (0x00000000eaf7e1f0) 
thrown [s\src\hotspot\share\prims\jni.cpp, line 520]
Event: 25.202 Thread 0x000002086f808210 Exception <a 'sun/nio/fs/WindowsException'{0x00000000eafe41f0}> (0x00000000eafe41f0) 
thrown [s\src\hotspot\share\prims\jni.cpp, line 520]
Event: 25.203 Thread 0x000002086f808f30 Exception <a 'sun/nio/fs/WindowsException'{0x00000000eaffb3e8}> (0x00000000eaffb3e8) 
thrown [s\src\hotspot\share\prims\jni.cpp, line 520]

ZGC Phase Switch (0 events):
No events

VM Operations (20 events):
Event: 25.152 Executing VM operation: ParallelGCFailedAllocation (Allocation Failure)
Event: 25.154 Executing VM operation: ParallelGCFailedAllocation (Allocation Failure) done
Event: 25.166 Executing VM operation: ParallelGCFailedAllocation (Allocation Failure)
Event: 25.168 Executing VM operation: ParallelGCFailedAllocation (Allocation Failure) done
Event: 25.184 Executing VM operation: ParallelGCFailedAllocation (Allocation Failure)
Event: 25.186 Executing VM operation: ParallelGCFailedAllocation (Allocation Failure) done
Event: 25.203 Executing VM operation: ParallelGCFailedAllocation (Allocation Failure)
Event: 25.205 Executing VM operation: ParallelGCFailedAllocation (Allocation Failure) done
Event: 25.221 Executing VM operation: ParallelGCFailedAllocation (Allocation Failure)
Event: 25.224 Executing VM operation: ParallelGCFailedAllocation (Allocation Failure) done
Event: 25.230 Executing VM operation: ParallelGCFailedAllocation (Allocation Failure)
Event: 25.232 Executing VM operation: ParallelGCFailedAllocation (Allocation Failure) done
Event: 25.239 Executing VM operation: ParallelGCFailedAllocation (Allocation Failure)
Event: 25.242 Executing VM operation: ParallelGCFailedAllocation (Allocation Failure) done
Event: 25.252 Executing VM operation: ParallelGCFailedAllocation (Allocation Failure)
Event: 25.255 Executing VM operation: ParallelGCFailedAllocation (Allocation Failure) done
Event: 25.267 Executing VM operation: ParallelGCFailedAllocation (Allocation Failure)
Event: 25.269 Executing VM operation: ParallelGCFailedAllocation (Allocation Failure) done
Event: 25.276 Executing VM operation: ParallelGCFailedAllocation (Allocation Failure)
Event: 26.285 Executing VM operation: ParallelGCFailedAllocation (Allocation Failure) done

Memory protections (0 events):
No events

Nmethod flushes (20 events):
Event: 11.717 Thread 0x0000020824d54960 flushing  nmethod 0x0000020814508290
Event: 11.717 Thread 0x0000020824d54960 flushing  nmethod 0x0000020814549510
Event: 11.717 Thread 0x0000020824d54960 flushing  nmethod 0x0000020814558690
Event: 11.717 Thread 0x0000020824d54960 flushing  nmethod 0x0000020814574290
Event: 11.717 Thread 0x0000020824d54960 flushing  nmethod 0x0000020814577b10
Event: 11.717 Thread 0x0000020824d54960 flushing  nmethod 0x0000020814578f90
Event: 11.717 Thread 0x0000020824d54960 flushing  nmethod 0x0000020814586790
Event: 11.717 Thread 0x0000020824d54960 flushing  nmethod 0x0000020814588c90
Event: 11.717 Thread 0x0000020824d54960 flushing  nmethod 0x000002081458a590
Event: 11.717 Thread 0x0000020824d54960 flushing  nmethod 0x0000020814592c90
Event: 11.717 Thread 0x0000020824d54960 flushing  nmethod 0x0000020814593690
Event: 11.717 Thread 0x0000020824d54960 flushing  nmethod 0x00000208145c1e90
Event: 11.717 Thread 0x0000020824d54960 flushing  nmethod 0x00000208145c3e10
Event: 11.717 Thread 0x0000020824d54960 flushing  nmethod 0x00000208145c4410
Event: 11.717 Thread 0x0000020824d54960 flushing  nmethod 0x00000208145c7510
Event: 11.717 Thread 0x0000020824d54960 flushing  nmethod 0x00000208145cc410
Event: 11.717 Thread 0x0000020824d54960 flushing  nmethod 0x00000208145cd610
Event: 11.717 Thread 0x0000020824d54960 flushing  nmethod 0x00000208145ce690
Event: 11.717 Thread 0x0000020824d54960 flushing  nmethod 0x00000208145ceb90
Event: 11.717 Thread 0x0000020824d54960 flushing  nmethod 0x000002081461bf90

Events (20 events):
Event: 23.755 Thread 0x000002086d5063f0 Thread added: 0x00000208685698f0
Event: 23.755 Thread 0x000002086d5063f0 Thread added: 0x000002086856c050
Event: 23.755 Thread 0x000002086d5063f0 Thread added: 0x000002086856a610
Event: 23.755 Thread 0x000002086d5063f0 Thread added: 0x000002086856c6e0
Event: 24.567 Thread 0x0000020868569f80 Thread exited: 0x0000020868569f80
Event: 24.567 Thread 0x000002086856c6e0 Thread exited: 0x000002086856c6e0
Event: 24.567 Thread 0x000002086856a610 Thread exited: 0x000002086856a610
Event: 24.567 Thread 0x00000208685698f0 Thread exited: 0x00000208685698f0
Event: 24.567 Thread 0x000002086856c050 Thread exited: 0x000002086856c050
Event: 24.915 Thread 0x000002086d5063f0 Thread added: 0x00000208685698f0
Event: 24.915 Thread 0x000002086d5063f0 Thread added: 0x000002086856c050
Event: 24.915 Thread 0x000002086d5063f0 Thread added: 0x0000020868569f80
Event: 24.916 Thread 0x000002086d5063f0 Thread added: 0x000002086856a610
Event: 24.916 Thread 0x000002086d5063f0 Thread added: 0x000002086856e120
Event: 24.966 Thread 0x000002086856e120 Thread exited: 0x000002086856e120
Event: 24.966 Thread 0x000002086856c050 Thread exited: 0x000002086856c050
Event: 24.966 Thread 0x0000020868569f80 Thread exited: 0x0000020868569f80
Event: 24.967 Thread 0x000002086856a610 Thread exited: 0x000002086856a610
Event: 24.967 Thread 0x00000208685698f0 Thread exited: 0x00000208685698f0
Event: 25.077 Thread 0x0000020867252730 Thread added: 0x00000208682c5fa0


Dynamic libraries:
0x00007ff792a90000 - 0x00007ff792a9e000 	c:\Users\ADIKTA\.vscode\extensions\redhat.java-1.42.0-win32-x64\jre\21.0.7-win32-x86_64\bin\java.exe
0x00007ffccb960000 - 0x00007ffccbbc5000 	C:\WINDOWS\SYSTEM32\ntdll.dll
0x00007ffccb220000 - 0x00007ffccb2e9000 	C:\WINDOWS\System32\KERNEL32.DLL
0x00007ffcc8d40000 - 0x00007ffcc9128000 	C:\WINDOWS\System32\KERNELBASE.dll
0x00007ffcc4ce0000 - 0x00007ffcc4d7e000 	C:\WINDOWS\SYSTEM32\apphelp.dll
0x00007ffcc94e0000 - 0x00007ffcc962b000 	C:\WINDOWS\System32\ucrtbase.dll
0x00007ffca67a0000 - 0x00007ffca67b8000 	c:\Users\ADIKTA\.vscode\extensions\redhat.java-1.42.0-win32-x64\jre\21.0.7-win32-x86_64\bin\jli.dll
0x00007ffca6540000 - 0x00007ffca655e000 	c:\Users\ADIKTA\.vscode\extensions\redhat.java-1.42.0-win32-x64\jre\21.0.7-win32-x86_64\bin\VCRUNTIME140.dll
0x00007ffccb400000 - 0x00007ffccb5ca000 	C:\WINDOWS\System32\USER32.dll
0x00007ffcc94b0000 - 0x00007ffcc94d7000 	C:\WINDOWS\System32\win32u.dll
0x00007ffcb9a90000 - 0x00007ffcb9d2a000 	C:\WINDOWS\WinSxS\amd64_microsoft.windows.common-controls_6595b64144ccf1df_6.0.26100.4202_none_3e0698d4e335f517\COMCTL32.dll
0x00007ffccabc0000 - 0x00007ffccabeb000 	C:\WINDOWS\System32\GDI32.dll
0x00007ffccae10000 - 0x00007ffccaeb9000 	C:\WINDOWS\System32\msvcrt.dll
0x00007ffcc8c00000 - 0x00007ffcc8d37000 	C:\WINDOWS\System32\gdi32full.dll
0x00007ffcc9340000 - 0x00007ffcc93e3000 	C:\WINDOWS\System32\msvcp_win.dll
0x00007ffccb5d0000 - 0x00007ffccb600000 	C:\WINDOWS\System32\IMM32.DLL
0x00007ffcc3380000 - 0x00007ffcc338c000 	c:\Users\ADIKTA\.vscode\extensions\redhat.java-1.42.0-win32-x64\jre\21.0.7-win32-x86_64\bin\vcruntime140_1.dll
0x00007ffc90170000 - 0x00007ffc901fd000 	c:\Users\ADIKTA\.vscode\extensions\redhat.java-1.42.0-win32-x64\jre\21.0.7-win32-x86_64\bin\msvcp140.dll
0x00007ffbe7560000 - 0x00007ffbe82f0000 	c:\Users\ADIKTA\.vscode\extensions\redhat.java-1.42.0-win32-x64\jre\21.0.7-win32-x86_64\bin\server\jvm.dll
0x00007ffccb6c0000 - 0x00007ffccb773000 	C:\WINDOWS\System32\ADVAPI32.dll
0x00007ffccaed0000 - 0x00007ffccaf76000 	C:\WINDOWS\System32\sechost.dll
0x00007ffccaaa0000 - 0x00007ffccabb5000 	C:\WINDOWS\System32\RPCRT4.dll
0x00007ffccb370000 - 0x00007ffccb3e4000 	C:\WINDOWS\System32\WS2_32.dll
0x00007ffcc88c0000 - 0x00007ffcc891e000 	C:\WINDOWS\SYSTEM32\POWRPROF.dll
0x00007ffcb9e10000 - 0x00007ffcb9e45000 	C:\WINDOWS\SYSTEM32\WINMM.dll
0x00007ffcb9e50000 - 0x00007ffcb9e5b000 	C:\WINDOWS\SYSTEM32\VERSION.dll
0x00007ffcc88a0000 - 0x00007ffcc88b4000 	C:\WINDOWS\SYSTEM32\UMPDC.dll
0x00007ffcc7840000 - 0x00007ffcc785b000 	C:\WINDOWS\SYSTEM32\kernel.appcore.dll
0x00007ffcc0740000 - 0x00007ffcc074a000 	c:\Users\ADIKTA\.vscode\extensions\redhat.java-1.42.0-win32-x64\jre\21.0.7-win32-x86_64\bin\jimage.dll
0x00007ffcc6200000 - 0x00007ffcc6441000 	C:\WINDOWS\SYSTEM32\DBGHELP.DLL
0x00007ffcca3a0000 - 0x00007ffcca725000 	C:\WINDOWS\System32\combase.dll
0x00007ffccb010000 - 0x00007ffccb0f1000 	C:\WINDOWS\System32\OLEAUT32.dll
0x00007ffcb8260000 - 0x00007ffcb8299000 	C:\WINDOWS\SYSTEM32\dbgcore.DLL
0x00007ffcc9630000 - 0x00007ffcc96c9000 	C:\WINDOWS\System32\bcryptPrimitives.dll
0x00007ffcbc8e0000 - 0x00007ffcbc8ef000 	c:\Users\ADIKTA\.vscode\extensions\redhat.java-1.42.0-win32-x64\jre\21.0.7-win32-x86_64\bin\instrument.dll
0x00007ffc9d250000 - 0x00007ffc9d26f000 	c:\Users\ADIKTA\.vscode\extensions\redhat.java-1.42.0-win32-x64\jre\21.0.7-win32-x86_64\bin\java.dll
0x00007ffcc9730000 - 0x00007ffcc9e72000 	C:\WINDOWS\System32\SHELL32.dll
0x00007ffcc9130000 - 0x00007ffcc92a4000 	C:\WINDOWS\System32\wintypes.dll
0x00007ffcc65c0000 - 0x00007ffcc6e18000 	C:\WINDOWS\SYSTEM32\windows.storage.dll
0x00007ffcca740000 - 0x00007ffcca831000 	C:\WINDOWS\System32\SHCORE.dll
0x00007ffccabf0000 - 0x00007ffccac5a000 	C:\WINDOWS\System32\shlwapi.dll
0x00007ffcc8990000 - 0x00007ffcc89bf000 	C:\WINDOWS\SYSTEM32\profapi.dll
0x00007ffc9ba50000 - 0x00007ffc9ba68000 	c:\Users\ADIKTA\.vscode\extensions\redhat.java-1.42.0-win32-x64\jre\21.0.7-win32-x86_64\bin\zip.dll
0x00007ffcbc520000 - 0x00007ffcbc530000 	C:\Users\ADIKTA\.vscode\extensions\redhat.java-1.42.0-win32-x64\jre\21.0.7-win32-x86_64\bin\net.dll
0x00007ffcbce70000 - 0x00007ffcbcf8e000 	C:\WINDOWS\SYSTEM32\WINHTTP.dll
0x00007ffcc7db0000 - 0x00007ffcc7e1a000 	C:\WINDOWS\system32\mswsock.dll
0x00007ffc9b900000 - 0x00007ffc9b916000 	C:\Users\ADIKTA\.vscode\extensions\redhat.java-1.42.0-win32-x64\jre\21.0.7-win32-x86_64\bin\nio.dll
0x00007ffcb8200000 - 0x00007ffcb8210000 	c:\Users\ADIKTA\.vscode\extensions\redhat.java-1.42.0-win32-x64\jre\21.0.7-win32-x86_64\bin\verify.dll
0x00007ffc9a940000 - 0x00007ffc9a985000 	C:\Users\ADIKTA\AppData\Roaming\Code\User\globalStorage\redhat.java\1.42.0\config_win\org.eclipse.equinox.launcher\org.eclipse.equinox.launcher.win32.win32.x86_64_1.2.1300.v20250331-1702\eclipse_11911.dll
0x00007ffccac60000 - 0x00007ffccadfe000 	C:\WINDOWS\System32\ole32.dll
0x00007ffcc8060000 - 0x00007ffcc807b000 	C:\WINDOWS\SYSTEM32\CRYPTSP.dll
0x00007ffcc77a0000 - 0x00007ffcc77da000 	C:\WINDOWS\system32\rsaenh.dll
0x00007ffcc7e50000 - 0x00007ffcc7e7b000 	C:\WINDOWS\SYSTEM32\USERENV.dll
0x00007ffcc8960000 - 0x00007ffcc8986000 	C:\WINDOWS\SYSTEM32\bcrypt.dll
0x00007ffcc8080000 - 0x00007ffcc808c000 	C:\WINDOWS\SYSTEM32\CRYPTBASE.dll
0x00007ffcc72b0000 - 0x00007ffcc72e3000 	C:\WINDOWS\SYSTEM32\IPHLPAPI.DLL
0x00007ffccaec0000 - 0x00007ffccaeca000 	C:\WINDOWS\System32\NSI.dll
0x00007ffc76160000 - 0x00007ffc761a9000 	C:\Users\ADIKTA\AppData\Local\Temp\jna-1925943730\jna6550696281553252957.dll
0x00007ffcca340000 - 0x00007ffcca348000 	C:\WINDOWS\System32\PSAPI.DLL
0x00007ffcbd600000 - 0x00007ffcbd61f000 	C:\WINDOWS\SYSTEM32\dhcpcsvc6.DLL
0x00007ffcbd5d0000 - 0x00007ffcbd5f5000 	C:\WINDOWS\SYSTEM32\dhcpcsvc.DLL
0x00007ffcc7960000 - 0x00007ffcc7996000 	C:\WINDOWS\SYSTEM32\ntmarta.dll

dbghelp: loaded successfully - version: 4.0.5 - missing functions: none
symbol engine: initialized successfully - sym options: 0x614 - pdb path: .;c:\Users\ADIKTA\.vscode\extensions\redhat.java-1.42.0-win32-x64\jre\21.0.7-win32-x86_64\bin;C:\WINDOWS\SYSTEM32;C:\WINDOWS\WinSxS\amd64_microsoft.windows.common-controls_6595b64144ccf1df_6.0.26100.4202_none_3e0698d4e335f517;c:\Users\ADIKTA\.vscode\extensions\redhat.java-1.42.0-win32-x64\jre\21.0.7-win32-x86_64\bin\server;C:\Users\ADIKTA\AppData\Roaming\Code\User\globalStorage\redhat.java\1.42.0\config_win\org.eclipse.equinox.launcher\org.eclipse.equinox.launcher.win32.win32.x86_64_1.2.1300.v20250331-1702;C:\Users\ADIKTA\AppData\Local\Temp\jna-1925943730

VM Arguments:
jvm_args: --add-modules=ALL-SYSTEM --add-opens=java.base/java.util=ALL-UNNAMED --add-opens=java.base/java.lang=ALL-UNNAMED --add-opens=java.base/sun.nio.fs=ALL-UNNAMED -Declipse.application=org.eclipse.jdt.ls.core.id1 -Dosgi.bundles.defaultStartLevel=4 -Declipse.product=org.eclipse.jdt.ls.core.product -Djava.import.generatesMetadataFilesAtProjectRoot=false -DDetectVMInstallationsJob.disabled=true -Dfile.encoding=utf8 -XX:+UseParallelGC -XX:GCTimeRatio=4 -XX:AdaptiveSizePolicyWeight=90 -Dsun.zip.disableMemoryMapping=true -Xmx1G -Xms100m -Xlog:disable -javaagent:c:\Users\ADIKTA\.vscode\extensions\redhat.java-1.42.0-win32-x64\lombok\lombok-1.18.36.jar -XX:+HeapDumpOnOutOfMemoryError -XX:HeapDumpPath=c:\Users\ADIKTA\AppData\Roaming\Code\User\workspaceStorage\7c74a9710f8a06d91ab7e61ae58fb88e\redhat.java -Daether.dependencyCollector.impl=bf 
java_command: c:\Users\ADIKTA\.vscode\extensions\redhat.java-1.42.0-win32-x64\server\plugins\org.eclipse.equinox.launcher_1.7.0.v20250424-1814.jar -configuration c:\Users\ADIKTA\AppData\Roaming\Code\User\globalStorage\redhat.java\1.42.0\config_win -data c:\Users\ADIKTA\AppData\Roaming\Code\User\workspaceStorage\7c74a9710f8a06d91ab7e61ae58fb88e\redhat.java\jdt_ws --pipe=\\.\pipe\lsp-d3a4f199ce9d75315156f264c171ae75-sock
java_class_path (initial): c:\Users\ADIKTA\.vscode\extensions\redhat.java-1.42.0-win32-x64\server\plugins\org.eclipse.equinox.launcher_1.7.0.v20250424-1814.jar
Launcher Type: SUN_STANDARD

[Global flags]
    uintx AdaptiveSizePolicyWeight                 = 90                                        {product} {command line}
     intx CICompilerCount                          = 4                                         {product} {ergonomic}
    uintx GCTimeRatio                              = 4                                         {product} {command line}
     bool HeapDumpOnOutOfMemoryError               = true                                   {manageable} {command line}
    ccstr HeapDumpPath                             = c:\Users\ADIKTA\AppData\Roaming\Code\User\workspaceStorage\7c74a9710f8a06d91ab7e61ae58fb88e\redhat.java         {manageable} {command line}
   size_t InitialHeapSize                          = 104857600                                 {product} {command line}
   size_t MaxHeapSize                              = 1073741824                                {product} {command line}
   size_t MaxNewSize                               = 357564416                                 {product} {ergonomic}
   size_t MinHeapDeltaBytes                        = 524288                                    {product} {ergonomic}
   size_t MinHeapSize                              = 104857600                                 {product} {command line}
   size_t NewSize                                  = 34603008                                  {product} {ergonomic}
    uintx NonNMethodCodeHeapSize                   = 5839372                                {pd product} {ergonomic}
    uintx NonProfiledCodeHeapSize                  = 122909434                              {pd product} {ergonomic}
   size_t OldSize                                  = 70254592                                  {product} {ergonomic}
    uintx ProfiledCodeHeapSize                     = 122909434                              {pd product} {ergonomic}
    uintx ReservedCodeCacheSize                    = 251658240                              {pd product} {ergonomic}
     bool SegmentedCodeCache                       = true                                      {product} {ergonomic}
   size_t SoftMaxHeapSize                          = 1073741824                             {manageable} {ergonomic}
     bool UseCompressedOops                        = true                           {product lp64_product} {ergonomic}
     bool UseLargePagesIndividualAllocation        = false                                  {pd product} {ergonomic}
     bool UseParallelGC                            = true                                      {product} {command line}

Logging:
Log output configuration:
 #0: stdout all=off uptime,level,tags foldmultilines=false
 #1: stderr all=off uptime,level,tags foldmultilines=false

Environment Variables:
JAVA_HOME=C:\Program Files\Java\jdk-22
PATH=C:\Program Files\Microsoft MPI\Bin\;C:\Program Files (x86)\VMware\VMware Player\bin\;C:\Program Files\Common Files\Oracle\Java\javapath;C:\Program Files (x86)\Common Files\Oracle\Java\java8path;C:\Program Files (x86)\Common Files\Oracle\Java\javapath;C:\WINDOWS\system32;C:\WINDOWS;C:\WINDOWS\System32\Wbem;C:\WINDOWS\System32\WindowsPowerShell\v1.0\;C:\WINDOWS\System32\OpenSSH\;C:\Program Files\nodejs\;C:\Program Files\dotnet\;C:\Program Files\Microsoft Network Monitor 3\;C:\Program Files\Git\cmd;C:\Program Files\Docker\Docker\resources\bin;C:\Program Files (x86)\Microsoft SQL Server\160\Tools\Binn\;C:\Program Files\Microsoft SQL Server\160\Tools\Binn\;C:\Program Files\Microsoft SQL Server\Client SDK\ODBC\170\Tools\Binn\;C:\Program Files\Microsoft SQL Server\160\DTS\Binn\;C:\Program Files (x86)\Microsoft SQL Server\160\DTS\Binn\;C:\Users\ADIKTA\.console-ninja\.bin;C:\Users\ADIKTA\AppData\Local\Programs\Python\Python312\Scripts\;C:\Users\ADIKTA\AppData\Local\Programs\Python\Python312\;C:\Users\ADIKTA\AppData\Local\Microsoft\WindowsApps;C:\Users\ADIKTA\AppData\Local\Programs\Microsoft VS Code\bin;C:\Program Files\Java\jdk-21\bin;C:\MAVEN\bin;C:\Users\ADIKTA\AppData\Roaming\npm;C:\Program Files\JetBrains\IntelliJ IDEA Community Edition 2024.2.1\bin;C:\Users\ADIKTA\AppData\Local\Microsoft\WindowsApps;C:\Users\ADIKTA\AppData\Local\GitHubDesktop\bin;C:\Users\ADIKTA\flutter\bin;
USERNAME=ADIKTA
OS=Windows_NT
PROCESSOR_IDENTIFIER=Intel64 Family 6 Model 165 Stepping 3, GenuineIntel
TMP=C:\Users\ADIKTA\AppData\Local\Temp
TEMP=C:\Users\ADIKTA\AppData\Local\Temp




Periodic native trim disabled

---------------  S Y S T E M  ---------------

OS:
 Windows 11 , 64 bit Build 26100 (10.0.26100.4202)
OS uptime: 4 days 22:20 hours

CPU: total 12 (initial active 12) (6 cores per cpu, 2 threads per core) family 6 model 165 stepping 3 microcode 0xea, cx8, cmov, fxsr, ht, mmx, 3dnowpref, sse, sse2, sse3, ssse3, sse4.1, sse4.2, popcnt, lzcnt, tsc, tscinvbit, avx, avx2, aes, erms, clmul, bmi1, bmi2, adx, fma, vzeroupper, clflush, clflushopt, rdtscp, f16c
Processor Information for the first 12 processors :
  Max Mhz: 2904, Current Mhz: 2904, Mhz Limit: 2904

Memory: 4k page, system-wide physical 8001M (861M free)
TotalPageFile size 32577M (AvailPageFile size 5M)
current process WorkingSet (physical memory assigned to process): 597M, peak: 842M
current process commit charge ("private bytes"): 924M, peak: 925M

vm_info: OpenJDK 64-Bit Server VM (21.0.7+6-LTS) for windows-amd64 JRE (21.0.7+6-LTS), built on 2025-04-15T00:00:00Z by "admin" with MS VC++ 17.7 (VS2022)

END.
